[2025-09-08 16:46:55,761] INFO: args:
 - ('regression_mode', False)
 - ('data_config', '/home/tpyang/B-Reconstruction-2-FPGA/python/gen_level_2B/with_partial_vertex/config/data_config_mask.yaml')
 - ('extra_selection', None)
 - ('extra_test_selection', None)
 - ('data_train', ['/home/tpyang/B-Reconstruction-2-FPGA/python/gen_level_2B/with_partial_vertex/../data/train_0*.root'])
 - ('data_val', ['/home/tpyang/B-Reconstruction-2-FPGA/python/gen_level_2B/with_partial_vertex/../data/test.root'])
 - ('data_test', [])
 - ('data_fraction', 1)
 - ('file_fraction', 1)
 - ('fetch_by_files', True)
 - ('fetch_step', 1.0)
 - ('in_memory', False)
 - ('train_val_split', 0.8)
 - ('no_remake_weights', False)
 - ('demo', False)
 - ('lr_finder', None)
 - ('tensorboard', 'particlemask')
 - ('tensorboard_custom_fn', None)
 - ('network_config', '/home/tpyang/B-Reconstruction-2-FPGA/python/gen_level_2B/with_partial_vertex/config/particlenet_pf_mask.py')
 - ('network_option', [])
 - ('model_prefix', '/home/tpyang/B-Reconstruction-2-FPGA/python/gen_level_2B/with_partial_vertex/training_log/particlemask')
 - ('load_model_weights', None)
 - ('exclude_model_weights', None)
 - ('freeze_model_weights', None)
 - ('num_epochs', 20)
 - ('steps_per_epoch', None)
 - ('steps_per_epoch_val', None)
 - ('samples_per_epoch', None)
 - ('samples_per_epoch_val', None)
 - ('optimizer', 'ranger')
 - ('optimizer_option', [])
 - ('lr_scheduler', 'flat+decay')
 - ('warmup_steps', 0)
 - ('load_epoch', None)
 - ('start_lr', 0.005)
 - ('batch_size', 256)
 - ('use_amp', False)
 - ('gpus', '0')
 - ('predict_gpus', '0')
 - ('num_workers', 2)
 - ('predict', False)
 - ('predict_output', None)
 - ('export_onnx', None)
 - ('onnx_opset', 15)
 - ('io_test', False)
 - ('copy_inputs', False)
 - ('log', '/home/tpyang/B-Reconstruction-2-FPGA/python/gen_level_2B/with_partial_vertex/training_log/particlemask.train.log')
 - ('print', False)
 - ('profile', False)
 - ('backend', None)
 - ('cross_validation', None)
 - ('local_rank', None)
[2025-09-08 16:46:55,761] INFO: Running in classification mode
[2025-09-08 16:46:56,348] INFO: Using 2 files for training, range: (0, 1)
[2025-09-08 16:46:56,348] INFO: Using 1 files for validation, range: (0, 1)
[2025-09-08 16:46:56,351] INFO: [0;37mpreprocess config: {'method': 'manual', 'data_fraction': 1.0, 'params': None}[0m
[2025-09-08 16:46:56,351] INFO: [0;37mselection: None[0m
[2025-09-08 16:46:56,351] INFO: [0;37mtest_time_selection: None[0m
[2025-09-08 16:46:56,351] INFO: [0;37mvar_funcs:
 - ('pf_mask', 'awkward.ones_like(Part_E)')
 - ('not_mask', '1 - Part_mask')
 - ('_label_', 'np.stack([ak.to_numpy(Part_mask)], axis=1)')
 - ('_labelcheck_', 'np.sum(np.stack([ak.to_numpy(Part_mask)], axis=1), axis=1)')[0m
[2025-09-08 16:46:56,351] INFO: [0;37minput_names: ('pf_points', 'pf_features', 'pf_mask')[0m
[2025-09-08 16:46:56,351] INFO: [0;37minput_dicts:
 - ('pf_points', ['Part_vx', 'Part_vy', 'Part_vz'])
 - ('pf_features', ['Part_E', 'Part_px', 'Part_py', 'Part_pz'])
 - ('pf_mask', ['pf_mask'])[0m
[2025-09-08 16:46:56,351] INFO: [0;37minput_shapes:
 - ('pf_points', (-1, 3, 52))
 - ('pf_features', (-1, 4, 52))
 - ('pf_mask', (-1, 1, 52))[0m
[2025-09-08 16:46:56,351] INFO: [0;37mpreprocess_params:
 - ('Part_vx', {'length': 52, 'pad_mode': 'constant', 'center': None, 'scale': 1, 'min': -10, 'max': 10, 'pad_value': 0})
 - ('Part_vy', {'length': 52, 'pad_mode': 'constant', 'center': None, 'scale': 1, 'min': -10, 'max': 10, 'pad_value': 0})
 - ('Part_vz', {'length': 52, 'pad_mode': 'constant', 'center': None, 'scale': 1, 'min': -10, 'max': 10, 'pad_value': 0})
 - ('Part_E', {'length': 52, 'pad_mode': 'constant', 'center': None, 'scale': 1, 'min': -5, 'max': 5, 'pad_value': 0})
 - ('Part_px', {'length': 52, 'pad_mode': 'constant', 'center': None, 'scale': 1, 'min': -5, 'max': 5, 'pad_value': 0})
 - ('Part_py', {'length': 52, 'pad_mode': 'constant', 'center': None, 'scale': 1, 'min': -5, 'max': 5, 'pad_value': 0})
 - ('Part_pz', {'length': 52, 'pad_mode': 'constant', 'center': None, 'scale': 1, 'min': -5, 'max': 5, 'pad_value': 0})
 - ('pf_mask', {'length': 52, 'pad_mode': 'constant', 'center': None, 'scale': 1, 'min': -5, 'max': 5, 'pad_value': 0})[0m
[2025-09-08 16:46:56,351] INFO: [0;37mlabel_names: ('_label_',)[0m
[2025-09-08 16:46:56,351] INFO: [0;37mobserver_names: ('pdg_id',)[0m
[2025-09-08 16:46:56,351] INFO: [0;37mmonitor_variables: ()[0m
[2025-09-08 16:46:56,354] INFO: [0;37mpreprocess config: {'method': 'manual', 'data_fraction': 1.0, 'params': None}[0m
[2025-09-08 16:46:56,354] INFO: [0;37mselection: None[0m
[2025-09-08 16:46:56,354] INFO: [0;37mtest_time_selection: None[0m
[2025-09-08 16:46:56,354] INFO: [0;37mvar_funcs:
 - ('pf_mask', 'awkward.ones_like(Part_E)')
 - ('not_mask', '1 - Part_mask')
 - ('_label_', 'np.stack([ak.to_numpy(Part_mask)], axis=1)')
 - ('_labelcheck_', 'np.sum(np.stack([ak.to_numpy(Part_mask)], axis=1), axis=1)')[0m
[2025-09-08 16:46:56,354] INFO: [0;37minput_names: ('pf_points', 'pf_features', 'pf_mask')[0m
[2025-09-08 16:46:56,354] INFO: [0;37minput_dicts:
 - ('pf_points', ['Part_vx', 'Part_vy', 'Part_vz'])
 - ('pf_features', ['Part_E', 'Part_px', 'Part_py', 'Part_pz'])
 - ('pf_mask', ['pf_mask'])[0m
[2025-09-08 16:46:56,354] INFO: [0;37minput_shapes:
 - ('pf_points', (-1, 3, 52))
 - ('pf_features', (-1, 4, 52))
 - ('pf_mask', (-1, 1, 52))[0m
[2025-09-08 16:46:56,354] INFO: [0;37mpreprocess_params:
 - ('Part_vx', {'length': 52, 'pad_mode': 'constant', 'center': None, 'scale': 1, 'min': -10, 'max': 10, 'pad_value': 0})
 - ('Part_vy', {'length': 52, 'pad_mode': 'constant', 'center': None, 'scale': 1, 'min': -10, 'max': 10, 'pad_value': 0})
 - ('Part_vz', {'length': 52, 'pad_mode': 'constant', 'center': None, 'scale': 1, 'min': -10, 'max': 10, 'pad_value': 0})
 - ('Part_E', {'length': 52, 'pad_mode': 'constant', 'center': None, 'scale': 1, 'min': -5, 'max': 5, 'pad_value': 0})
 - ('Part_px', {'length': 52, 'pad_mode': 'constant', 'center': None, 'scale': 1, 'min': -5, 'max': 5, 'pad_value': 0})
 - ('Part_py', {'length': 52, 'pad_mode': 'constant', 'center': None, 'scale': 1, 'min': -5, 'max': 5, 'pad_value': 0})
 - ('Part_pz', {'length': 52, 'pad_mode': 'constant', 'center': None, 'scale': 1, 'min': -5, 'max': 5, 'pad_value': 0})
 - ('pf_mask', {'length': 52, 'pad_mode': 'constant', 'center': None, 'scale': 1, 'min': -5, 'max': 5, 'pad_value': 0})[0m
[2025-09-08 16:46:56,354] INFO: [0;37mlabel_names: ('_label_',)[0m
[2025-09-08 16:46:56,354] INFO: [0;37mobserver_names: ()[0m
[2025-09-08 16:46:56,354] INFO: [0;37mmonitor_variables: ()[0m
[2025-09-08 16:46:56,357] INFO: [0;37mpreprocess config: {'method': 'manual', 'data_fraction': 1.0, 'params': None}[0m
[2025-09-08 16:46:56,357] INFO: [0;37mselection: None[0m
[2025-09-08 16:46:56,357] INFO: [0;37mtest_time_selection: None[0m
[2025-09-08 16:46:56,357] INFO: [0;37mvar_funcs:
 - ('pf_mask', 'awkward.ones_like(Part_E)')
 - ('not_mask', '1 - Part_mask')
 - ('_label_', 'np.stack([ak.to_numpy(Part_mask)], axis=1)')
 - ('_labelcheck_', 'np.sum(np.stack([ak.to_numpy(Part_mask)], axis=1), axis=1)')[0m
[2025-09-08 16:46:56,357] INFO: [0;37minput_names: ('pf_points', 'pf_features', 'pf_mask')[0m
[2025-09-08 16:46:56,357] INFO: [0;37minput_dicts:
 - ('pf_points', ['Part_vx', 'Part_vy', 'Part_vz'])
 - ('pf_features', ['Part_E', 'Part_px', 'Part_py', 'Part_pz'])
 - ('pf_mask', ['pf_mask'])[0m
[2025-09-08 16:46:56,357] INFO: [0;37minput_shapes:
 - ('pf_points', (-1, 3, 52))
 - ('pf_features', (-1, 4, 52))
 - ('pf_mask', (-1, 1, 52))[0m
[2025-09-08 16:46:56,357] INFO: [0;37mpreprocess_params:
 - ('Part_vx', {'length': 52, 'pad_mode': 'constant', 'center': None, 'scale': 1, 'min': -10, 'max': 10, 'pad_value': 0})
 - ('Part_vy', {'length': 52, 'pad_mode': 'constant', 'center': None, 'scale': 1, 'min': -10, 'max': 10, 'pad_value': 0})
 - ('Part_vz', {'length': 52, 'pad_mode': 'constant', 'center': None, 'scale': 1, 'min': -10, 'max': 10, 'pad_value': 0})
 - ('Part_E', {'length': 52, 'pad_mode': 'constant', 'center': None, 'scale': 1, 'min': -5, 'max': 5, 'pad_value': 0})
 - ('Part_px', {'length': 52, 'pad_mode': 'constant', 'center': None, 'scale': 1, 'min': -5, 'max': 5, 'pad_value': 0})
 - ('Part_py', {'length': 52, 'pad_mode': 'constant', 'center': None, 'scale': 1, 'min': -5, 'max': 5, 'pad_value': 0})
 - ('Part_pz', {'length': 52, 'pad_mode': 'constant', 'center': None, 'scale': 1, 'min': -5, 'max': 5, 'pad_value': 0})
 - ('pf_mask', {'length': 52, 'pad_mode': 'constant', 'center': None, 'scale': 1, 'min': -5, 'max': 5, 'pad_value': 0})[0m
[2025-09-08 16:46:56,358] INFO: [0;37mlabel_names: ('_label_',)[0m
[2025-09-08 16:46:56,358] INFO: [0;37mobserver_names: ('pdg_id',)[0m
[2025-09-08 16:46:56,358] INFO: [0;37mmonitor_variables: ()[0m
[2025-09-08 16:46:56,360] INFO: [0;37mpreprocess config: {'method': 'manual', 'data_fraction': 1.0, 'params': None}[0m
[2025-09-08 16:46:56,361] INFO: [0;37mselection: None[0m
[2025-09-08 16:46:56,361] INFO: [0;37mtest_time_selection: None[0m
[2025-09-08 16:46:56,361] INFO: [0;37mvar_funcs:
 - ('pf_mask', 'awkward.ones_like(Part_E)')
 - ('not_mask', '1 - Part_mask')
 - ('_label_', 'np.stack([ak.to_numpy(Part_mask)], axis=1)')
 - ('_labelcheck_', 'np.sum(np.stack([ak.to_numpy(Part_mask)], axis=1), axis=1)')[0m
[2025-09-08 16:46:56,361] INFO: [0;37minput_names: ('pf_points', 'pf_features', 'pf_mask')[0m
[2025-09-08 16:46:56,361] INFO: [0;37minput_dicts:
 - ('pf_points', ['Part_vx', 'Part_vy', 'Part_vz'])
 - ('pf_features', ['Part_E', 'Part_px', 'Part_py', 'Part_pz'])
 - ('pf_mask', ['pf_mask'])[0m
[2025-09-08 16:46:56,361] INFO: [0;37minput_shapes:
 - ('pf_points', (-1, 3, 52))
 - ('pf_features', (-1, 4, 52))
 - ('pf_mask', (-1, 1, 52))[0m
[2025-09-08 16:46:56,361] INFO: [0;37mpreprocess_params:
 - ('Part_vx', {'length': 52, 'pad_mode': 'constant', 'center': None, 'scale': 1, 'min': -10, 'max': 10, 'pad_value': 0})
 - ('Part_vy', {'length': 52, 'pad_mode': 'constant', 'center': None, 'scale': 1, 'min': -10, 'max': 10, 'pad_value': 0})
 - ('Part_vz', {'length': 52, 'pad_mode': 'constant', 'center': None, 'scale': 1, 'min': -10, 'max': 10, 'pad_value': 0})
 - ('Part_E', {'length': 52, 'pad_mode': 'constant', 'center': None, 'scale': 1, 'min': -5, 'max': 5, 'pad_value': 0})
 - ('Part_px', {'length': 52, 'pad_mode': 'constant', 'center': None, 'scale': 1, 'min': -5, 'max': 5, 'pad_value': 0})
 - ('Part_py', {'length': 52, 'pad_mode': 'constant', 'center': None, 'scale': 1, 'min': -5, 'max': 5, 'pad_value': 0})
 - ('Part_pz', {'length': 52, 'pad_mode': 'constant', 'center': None, 'scale': 1, 'min': -5, 'max': 5, 'pad_value': 0})
 - ('pf_mask', {'length': 52, 'pad_mode': 'constant', 'center': None, 'scale': 1, 'min': -5, 'max': 5, 'pad_value': 0})[0m
[2025-09-08 16:46:56,362] INFO: [0;37mlabel_names: ('_label_',)[0m
[2025-09-08 16:46:56,362] INFO: [0;37mobserver_names: ()[0m
[2025-09-08 16:46:56,362] INFO: [0;37mmonitor_variables: ()[0m
[2025-09-08 16:46:56,365] INFO: Network options: {}
[2025-09-08 16:46:56,578] INFO: [0;37mWarning: module EdgeConvBlock is treated as a zero-op.[0m
[2025-09-08 16:46:56,578] INFO: [0;37mWarning: module Dropout is treated as a zero-op.[0m
[2025-09-08 16:46:56,578] INFO: [0;37mWarning: module ParticleNet is treated as a zero-op.[0m
[2025-09-08 16:46:56,578] INFO: [0;37mWarning: module ParticleNetWrapper is treated as a zero-op.[0m
[2025-09-08 16:46:56,964] INFO: [0;37mParticleNetWrapper(
  |0.134 M, 100.000% Params, 53.508 MMac, 100.000% MACs|
  (fc_out): Sequential(
    |0.025 M, 18.550% Params, 1.295 MMac, 2.420% MACs|
    (0): Linear(in_features=128, out_features=128, bias=True, |0.017 M, 12.302% Params, 852.096 KMac, 1.592% MACs|)
    (1): LeakyReLU(negative_slope=0.01, |0.0 M, 0.000% Params, 6.656 KMac, 0.012% MACs|)
    (2): Linear(in_features=128, out_features=64, bias=True, |0.008 M, 6.151% Params, 426.048 KMac, 0.796% MACs|)
    (3): LeakyReLU(negative_slope=0.01, |0.0 M, 0.000% Params, 3.328 KMac, 0.006% MACs|)
    (4): Linear(in_features=64, out_features=2, bias=True, |0.0 M, 0.097% Params, 6.658 KMac, 0.012% MACs|)
    (5): LeakyReLU(negative_slope=0.01, |0.0 M, 0.000% Params, 104.0 Mac, 0.000% MACs|)
  )
  (mod): ParticleNet(
    |0.109 M, 81.450% Params, 52.213 MMac, 97.580% MACs|
    (bn_fts): BatchNorm1d(4, eps=1e-05, momentum=0.1, affine=True, track_running_stats=True, |0.0 M, 0.006% Params, 416.0 Mac, 0.001% MACs|)
    (edge_convs): ModuleList(
      (0): EdgeConvBlock(
        |0.009 M, 7.057% Params, 7.744 MMac, 14.473% MACs|
        (convs): ModuleList(
          (0): Conv2d(8, 64, kernel_size=(1, 1), stride=(1, 1), bias=False, |0.001 M, 0.381% Params, 425.984 KMac, 0.796% MACs|)
          (1-2): 2 x Conv2d(64, 64, kernel_size=(1, 1), stride=(1, 1), bias=False, |0.004 M, 3.052% Params, 3.408 MMac, 6.369% MACs|)
        )
        (bns): ModuleList(
          (0-2): 3 x BatchNorm2d(64, eps=1e-05, momentum=0.1, affine=True, track_running_stats=True, |0.0 M, 0.095% Params, 106.496 KMac, 0.199% MACs|)
        )
        (acts): ModuleList(
          (0-2): 3 x ReLU(|0.0 M, 0.000% Params, 53.248 KMac, 0.100% MACs|)
        )
        (sc): Conv1d(4, 64, kernel_size=(1,), stride=(1,), bias=False, |0.0 M, 0.191% Params, 13.312 KMac, 0.025% MACs|)
        (sc_bn): BatchNorm1d(64, eps=1e-05, momentum=0.1, affine=True, track_running_stats=True, |0.0 M, 0.095% Params, 6.656 KMac, 0.012% MACs|)
        (sc_act): ReLU(|0.0 M, 0.000% Params, 3.328 KMac, 0.006% MACs|)
      )
      (1): EdgeConvBlock(
        |0.058 M, 43.487% Params, 42.299 MMac, 79.051% MACs|
        (convs): ModuleList(
          (0-2): 3 x Conv2d(128, 128, kernel_size=(1, 1), stride=(1, 1), bias=False, |0.016 M, 12.207% Params, 13.631 MMac, 25.475% MACs|)
        )
        (bns): ModuleList(
          (0-2): 3 x BatchNorm2d(128, eps=1e-05, momentum=0.1, affine=True, track_running_stats=True, |0.0 M, 0.191% Params, 212.992 KMac, 0.398% MACs|)
        )
        (acts): ModuleList(
          (0-2): 3 x ReLU(|0.0 M, 0.000% Params, 106.496 KMac, 0.199% MACs|)
        )
        (sc): Conv1d(64, 128, kernel_size=(1,), stride=(1,), bias=False, |0.008 M, 6.104% Params, 425.984 KMac, 0.796% MACs|)
        (sc_bn): BatchNorm1d(128, eps=1e-05, momentum=0.1, affine=True, track_running_stats=True, |0.0 M, 0.191% Params, 13.312 KMac, 0.025% MACs|)
        (sc_act): ReLU(|0.0 M, 0.000% Params, 6.656 KMac, 0.012% MACs|)
      )
    )
    (fusion_block): Sequential(
      |0.025 M, 18.501% Params, 1.298 MMac, 2.426% MACs|
      (0): Conv1d(192, 128, kernel_size=(1,), stride=(1,), bias=False, |0.025 M, 18.311% Params, 1.278 MMac, 2.388% MACs|)
      (1): BatchNorm1d(128, eps=1e-05, momentum=0.1, affine=True, track_running_stats=True, |0.0 M, 0.191% Params, 13.312 KMac, 0.025% MACs|)
      (2): ReLU(|0.0 M, 0.000% Params, 6.656 KMac, 0.012% MACs|)
    )
    (fc): Sequential(
      |0.017 M, 12.398% Params, 871.936 KMac, 1.630% MACs|
      (0): Sequential(
        |0.017 M, 12.398% Params, 871.936 KMac, 1.630% MACs|
        (0): Conv1d(128, 128, kernel_size=(1,), stride=(1,), bias=False, |0.016 M, 12.207% Params, 851.968 KMac, 1.592% MACs|)
        (1): BatchNorm1d(128, eps=1e-05, momentum=0.1, affine=True, track_running_stats=True, |0.0 M, 0.191% Params, 13.312 KMac, 0.025% MACs|)
        (2): ReLU(|0.0 M, 0.000% Params, 6.656 KMac, 0.012% MACs|)
        (3): Dropout(p=0.2, inplace=False, |0.0 M, 0.000% Params, 0.0 Mac, 0.000% MACs|)
      )
    )
  )
)[0m
[2025-09-08 16:46:56,965] INFO: Computational complexity:       53.51 MMac
[2025-09-08 16:46:56,965] INFO: Number of parameters:           134.22 k
[2025-09-08 16:46:56,965] INFO: Using loss function CrossEntropyLoss() with options {}
[2025-09-08 16:46:57,013] INFO: Create Tensorboard summary writer with comment particlemask
[2025-09-08 16:46:57,019] INFO: Optimizer options: {}
[2025-09-08 16:46:57,725] INFO: --------------------------------------------------
[2025-09-08 16:46:57,725] INFO: Epoch #0 training
[2025-09-08 16:46:57,754] INFO: Restarted DataIter train_worker0, load_range=(0.0, 1.0), file_list:
{
  "_": [
    "/home/tpyang/B-Reconstruction-2-FPGA/python/gen_level_2B/with_partial_vertex/../data/train_01.root"
  ]
}
[2025-09-08 16:46:57,769] INFO: Restarted DataIter train_worker1, load_range=(0.0, 1.0), file_list:
{
  "_": [
    "/home/tpyang/B-Reconstruction-2-FPGA/python/gen_level_2B/with_partial_vertex/../data/train_02.root"
  ]
}
[2025-09-08 16:47:44,810] INFO: Processed 199680 entries in total (avg. speed 4240.9 entries/s)
[2025-09-08 16:47:44,810] INFO: Train AvgLoss: 0.09263, AvgAcc: 0.95935
[2025-09-08 16:47:44,810] INFO: Train class distribution: 
    [(0, 8026499), (1, 2356861)]
[2025-09-08 16:47:44,828] INFO: Epoch #0 validating
[2025-09-08 16:47:44,848] INFO: Restarted DataIter val_worker0, load_range=(0.0, 1.0), file_list:
{
  "_": [
    "/home/tpyang/B-Reconstruction-2-FPGA/python/gen_level_2B/with_partial_vertex/../data/test.root"
  ]
}
[2025-09-08 16:47:46,189] INFO: Processed 9984 entries in total (avg. speed 7338.8 entries/s)
[2025-09-08 16:47:46,189] INFO: Evaluation class distribution: 
    [(0, 401131), (1, 118037)]
[2025-09-08 16:47:46,247] ERROR: y should be a 1d array, got an array of shape (519168, 2) instead.
[2025-09-08 16:47:46,949] INFO: Evaluation metrics: 
    - roc_auc_score: 
None
    - roc_auc_score_matrix: 
[[0.        0.9997846]
 [0.        0.       ]]
    - confusion_matrix: 
[[0.99544039 0.00455961]
 [0.01044588 0.98955412]]
[2025-09-08 16:47:46,950] INFO: [1mEpoch #0: Current validation metric: 0.99410 (best: 0.99410)[0m
[2025-09-08 16:47:46,950] INFO: --------------------------------------------------
[2025-09-08 16:47:46,950] INFO: Epoch #1 training
[2025-09-08 16:47:46,966] INFO: Restarted DataIter train_worker0, load_range=(0.0, 1.0), file_list:
{
  "_": [
    "/home/tpyang/B-Reconstruction-2-FPGA/python/gen_level_2B/with_partial_vertex/../data/train_01.root"
  ]
}
[2025-09-08 16:47:46,975] INFO: Restarted DataIter train_worker1, load_range=(0.0, 1.0), file_list:
{
  "_": [
    "/home/tpyang/B-Reconstruction-2-FPGA/python/gen_level_2B/with_partial_vertex/../data/train_02.root"
  ]
}
[2025-09-08 16:48:33,293] INFO: Processed 199680 entries in total (avg. speed 4308.8 entries/s)
[2025-09-08 16:48:33,293] INFO: Train AvgLoss: 0.02698, AvgAcc: 0.98879
[2025-09-08 16:48:33,293] INFO: Train class distribution: 
    [(0, 8026513), (1, 2356847)]
[2025-09-08 16:48:33,307] INFO: Epoch #1 validating
[2025-09-08 16:48:33,326] INFO: Restarted DataIter val_worker0, load_range=(0.0, 1.0), file_list:
{
  "_": [
    "/home/tpyang/B-Reconstruction-2-FPGA/python/gen_level_2B/with_partial_vertex/../data/test.root"
  ]
}
[2025-09-08 16:48:34,490] INFO: Processed 9984 entries in total (avg. speed 8446.3 entries/s)
[2025-09-08 16:48:34,490] INFO: Evaluation class distribution: 
    [(0, 401103), (1, 118065)]
[2025-09-08 16:48:34,545] ERROR: y should be a 1d array, got an array of shape (519168, 2) instead.
[2025-09-08 16:48:35,290] INFO: Evaluation metrics: 
    - roc_auc_score: 
None
    - roc_auc_score_matrix: 
[[0.         0.99987984]
 [0.         0.        ]]
    - confusion_matrix: 
[[0.99599604 0.00400396]
 [0.00637784 0.99362216]]
[2025-09-08 16:48:35,291] INFO: [1mEpoch #1: Current validation metric: 0.99546 (best: 0.99546)[0m
[2025-09-08 16:48:35,292] INFO: --------------------------------------------------
[2025-09-08 16:48:35,292] INFO: Epoch #2 training
[2025-09-08 16:48:35,309] INFO: Restarted DataIter train_worker0, load_range=(0.0, 1.0), file_list:
{
  "_": [
    "/home/tpyang/B-Reconstruction-2-FPGA/python/gen_level_2B/with_partial_vertex/../data/train_01.root"
  ]
}
[2025-09-08 16:48:35,319] INFO: Restarted DataIter train_worker1, load_range=(0.0, 1.0), file_list:
{
  "_": [
    "/home/tpyang/B-Reconstruction-2-FPGA/python/gen_level_2B/with_partial_vertex/../data/train_02.root"
  ]
}
[2025-09-08 16:49:21,773] INFO: Processed 199680 entries in total (avg. speed 4296.0 entries/s)
[2025-09-08 16:49:21,774] INFO: Train AvgLoss: 0.02347, AvgAcc: 0.99028
[2025-09-08 16:49:21,774] INFO: Train class distribution: 
    [(0, 8026660), (1, 2356700)]
[2025-09-08 16:49:21,797] INFO: Epoch #2 validating
[2025-09-08 16:49:21,813] INFO: Restarted DataIter val_worker0, load_range=(0.0, 1.0), file_list:
{
  "_": [
    "/home/tpyang/B-Reconstruction-2-FPGA/python/gen_level_2B/with_partial_vertex/../data/test.root"
  ]
}
[2025-09-08 16:49:22,953] INFO: Processed 9984 entries in total (avg. speed 8636.4 entries/s)
[2025-09-08 16:49:22,953] INFO: Evaluation class distribution: 
    [(0, 401098), (1, 118070)]
[2025-09-08 16:49:23,009] ERROR: y should be a 1d array, got an array of shape (519168, 2) instead.
[2025-09-08 16:49:23,751] INFO: Evaluation metrics: 
    - roc_auc_score: 
None
    - roc_auc_score_matrix: 
[[0.         0.99989986]
 [0.         0.        ]]
    - confusion_matrix: 
[[0.99592369 0.00407631]
 [0.00465825 0.99534175]]
[2025-09-08 16:49:23,752] INFO: [1mEpoch #2: Current validation metric: 0.99579 (best: 0.99579)[0m
[2025-09-08 16:49:23,752] INFO: --------------------------------------------------
[2025-09-08 16:49:23,752] INFO: Epoch #3 training
[2025-09-08 16:49:23,769] INFO: Restarted DataIter train_worker0, load_range=(0.0, 1.0), file_list:
{
  "_": [
    "/home/tpyang/B-Reconstruction-2-FPGA/python/gen_level_2B/with_partial_vertex/../data/train_01.root"
  ]
}
[2025-09-08 16:49:23,778] INFO: Restarted DataIter train_worker1, load_range=(0.0, 1.0), file_list:
{
  "_": [
    "/home/tpyang/B-Reconstruction-2-FPGA/python/gen_level_2B/with_partial_vertex/../data/train_02.root"
  ]
}
[2025-09-08 16:50:10,477] INFO: Processed 199680 entries in total (avg. speed 4273.5 entries/s)
[2025-09-08 16:50:10,477] INFO: Train AvgLoss: 0.02141, AvgAcc: 0.99121
[2025-09-08 16:50:10,477] INFO: Train class distribution: 
    [(0, 8026585), (1, 2356775)]
[2025-09-08 16:50:10,493] INFO: Epoch #3 validating
[2025-09-08 16:50:10,509] INFO: Restarted DataIter val_worker0, load_range=(0.0, 1.0), file_list:
{
  "_": [
    "/home/tpyang/B-Reconstruction-2-FPGA/python/gen_level_2B/with_partial_vertex/../data/test.root"
  ]
}
[2025-09-08 16:50:11,670] INFO: Processed 9984 entries in total (avg. speed 8489.1 entries/s)
[2025-09-08 16:50:11,670] INFO: Evaluation class distribution: 
    [(0, 401103), (1, 118065)]
[2025-09-08 16:50:11,725] ERROR: y should be a 1d array, got an array of shape (519168, 2) instead.
[2025-09-08 16:50:12,497] INFO: Evaluation metrics: 
    - roc_auc_score: 
None
    - roc_auc_score_matrix: 
[[0.        0.9999206]
 [0.        0.       ]]
    - confusion_matrix: 
[[0.99609078 0.00390922]
 [0.00393851 0.99606149]]
[2025-09-08 16:50:12,498] INFO: [1mEpoch #3: Current validation metric: 0.99608 (best: 0.99608)[0m
[2025-09-08 16:50:12,498] INFO: --------------------------------------------------
[2025-09-08 16:50:12,498] INFO: Epoch #4 training
[2025-09-08 16:50:12,517] INFO: Restarted DataIter train_worker0, load_range=(0.0, 1.0), file_list:
{
  "_": [
    "/home/tpyang/B-Reconstruction-2-FPGA/python/gen_level_2B/with_partial_vertex/../data/train_01.root"
  ]
}
[2025-09-08 16:50:12,526] INFO: Restarted DataIter train_worker1, load_range=(0.0, 1.0), file_list:
{
  "_": [
    "/home/tpyang/B-Reconstruction-2-FPGA/python/gen_level_2B/with_partial_vertex/../data/train_02.root"
  ]
}
[2025-09-08 16:50:58,803] INFO: Processed 199680 entries in total (avg. speed 4312.3 entries/s)
[2025-09-08 16:50:58,803] INFO: Train AvgLoss: 0.02018, AvgAcc: 0.99173
[2025-09-08 16:50:58,804] INFO: Train class distribution: 
    [(0, 8026547), (1, 2356813)]
[2025-09-08 16:50:58,820] INFO: Epoch #4 validating
[2025-09-08 16:50:58,838] INFO: Restarted DataIter val_worker0, load_range=(0.0, 1.0), file_list:
{
  "_": [
    "/home/tpyang/B-Reconstruction-2-FPGA/python/gen_level_2B/with_partial_vertex/../data/test.root"
  ]
}
[2025-09-08 16:50:59,973] INFO: Processed 9984 entries in total (avg. speed 8663.2 entries/s)
[2025-09-08 16:50:59,973] INFO: Evaluation class distribution: 
    [(0, 401106), (1, 118062)]
[2025-09-08 16:51:00,030] ERROR: y should be a 1d array, got an array of shape (519168, 2) instead.
[2025-09-08 16:51:00,798] INFO: Evaluation metrics: 
    - roc_auc_score: 
None
    - roc_auc_score_matrix: 
[[0.        0.9999259]
 [0.        0.       ]]
    - confusion_matrix: 
[[0.99548    0.00452   ]
 [0.00264268 0.99735732]]
[2025-09-08 16:51:00,798] INFO: [1mEpoch #4: Current validation metric: 0.99591 (best: 0.99608)[0m
[2025-09-08 16:51:00,799] INFO: --------------------------------------------------
[2025-09-08 16:51:00,799] INFO: Epoch #5 training
[2025-09-08 16:51:00,816] INFO: Restarted DataIter train_worker0, load_range=(0.0, 1.0), file_list:
{
  "_": [
    "/home/tpyang/B-Reconstruction-2-FPGA/python/gen_level_2B/with_partial_vertex/../data/train_01.root"
  ]
}
[2025-09-08 16:51:00,826] INFO: Restarted DataIter train_worker1, load_range=(0.0, 1.0), file_list:
{
  "_": [
    "/home/tpyang/B-Reconstruction-2-FPGA/python/gen_level_2B/with_partial_vertex/../data/train_02.root"
  ]
}
[2025-09-08 16:51:47,974] INFO: Processed 199680 entries in total (avg. speed 4232.8 entries/s)
[2025-09-08 16:51:47,974] INFO: Train AvgLoss: 0.01937, AvgAcc: 0.99208
[2025-09-08 16:51:47,974] INFO: Train class distribution: 
    [(0, 8026561), (1, 2356799)]
[2025-09-08 16:51:47,991] INFO: Epoch #5 validating
[2025-09-08 16:51:48,010] INFO: Restarted DataIter val_worker0, load_range=(0.0, 1.0), file_list:
{
  "_": [
    "/home/tpyang/B-Reconstruction-2-FPGA/python/gen_level_2B/with_partial_vertex/../data/test.root"
  ]
}
[2025-09-08 16:51:49,198] INFO: Processed 9984 entries in total (avg. speed 8277.5 entries/s)
[2025-09-08 16:51:49,198] INFO: Evaluation class distribution: 
    [(0, 401130), (1, 118038)]
[2025-09-08 16:51:49,261] ERROR: y should be a 1d array, got an array of shape (519168, 2) instead.
[2025-09-08 16:51:50,044] INFO: Evaluation metrics: 
    - roc_auc_score: 
None
    - roc_auc_score_matrix: 
[[0.         0.99993193]
 [0.         0.        ]]
    - confusion_matrix: 
[[0.99645751 0.00354249]
 [0.00360054 0.99639946]]
[2025-09-08 16:51:50,046] INFO: [1mEpoch #5: Current validation metric: 0.99644 (best: 0.99644)[0m
[2025-09-08 16:51:50,046] INFO: --------------------------------------------------
[2025-09-08 16:51:50,046] INFO: Epoch #6 training
[2025-09-08 16:51:50,064] INFO: Restarted DataIter train_worker0, load_range=(0.0, 1.0), file_list:
{
  "_": [
    "/home/tpyang/B-Reconstruction-2-FPGA/python/gen_level_2B/with_partial_vertex/../data/train_01.root"
  ]
}
[2025-09-08 16:51:50,074] INFO: Restarted DataIter train_worker1, load_range=(0.0, 1.0), file_list:
{
  "_": [
    "/home/tpyang/B-Reconstruction-2-FPGA/python/gen_level_2B/with_partial_vertex/../data/train_02.root"
  ]
}
[2025-09-08 16:52:37,339] INFO: Processed 199680 entries in total (avg. speed 4222.2 entries/s)
[2025-09-08 16:52:37,339] INFO: Train AvgLoss: 0.01848, AvgAcc: 0.99247
[2025-09-08 16:52:37,339] INFO: Train class distribution: 
    [(0, 8026554), (1, 2356806)]
[2025-09-08 16:52:37,358] INFO: Epoch #6 validating
[2025-09-08 16:52:37,375] INFO: Restarted DataIter val_worker0, load_range=(0.0, 1.0), file_list:
{
  "_": [
    "/home/tpyang/B-Reconstruction-2-FPGA/python/gen_level_2B/with_partial_vertex/../data/test.root"
  ]
}
[2025-09-08 16:52:38,542] INFO: Processed 9984 entries in total (avg. speed 8440.0 entries/s)
[2025-09-08 16:52:38,542] INFO: Evaluation class distribution: 
    [(0, 401135), (1, 118033)]
[2025-09-08 16:52:38,599] ERROR: y should be a 1d array, got an array of shape (519168, 2) instead.
[2025-09-08 16:52:39,358] INFO: Evaluation metrics: 
    - roc_auc_score: 
None
    - roc_auc_score_matrix: 
[[0.        0.9999326]
 [0.        0.       ]]
    - confusion_matrix: 
[[0.99580191 0.00419809]
 [0.00303305 0.99696695]]
[2025-09-08 16:52:39,359] INFO: [1mEpoch #6: Current validation metric: 0.99607 (best: 0.99644)[0m
[2025-09-08 16:52:39,359] INFO: --------------------------------------------------
[2025-09-08 16:52:39,359] INFO: Epoch #7 training
[2025-09-08 16:52:39,375] INFO: Restarted DataIter train_worker0, load_range=(0.0, 1.0), file_list:
{
  "_": [
    "/home/tpyang/B-Reconstruction-2-FPGA/python/gen_level_2B/with_partial_vertex/../data/train_01.root"
  ]
}
[2025-09-08 16:52:39,385] INFO: Restarted DataIter train_worker1, load_range=(0.0, 1.0), file_list:
{
  "_": [
    "/home/tpyang/B-Reconstruction-2-FPGA/python/gen_level_2B/with_partial_vertex/../data/train_02.root"
  ]
}
[2025-09-08 16:53:26,709] INFO: Processed 199680 entries in total (avg. speed 4217.1 entries/s)
[2025-09-08 16:53:26,710] INFO: Train AvgLoss: 0.01795, AvgAcc: 0.99268
[2025-09-08 16:53:26,710] INFO: Train class distribution: 
    [(0, 8026561), (1, 2356799)]
[2025-09-08 16:53:26,725] INFO: Epoch #7 validating
[2025-09-08 16:53:26,744] INFO: Restarted DataIter val_worker0, load_range=(0.0, 1.0), file_list:
{
  "_": [
    "/home/tpyang/B-Reconstruction-2-FPGA/python/gen_level_2B/with_partial_vertex/../data/test.root"
  ]
}
[2025-09-08 16:53:27,981] INFO: Processed 9984 entries in total (avg. speed 7947.3 entries/s)
[2025-09-08 16:53:27,982] INFO: Evaluation class distribution: 
    [(0, 401116), (1, 118052)]
[2025-09-08 16:53:28,042] ERROR: y should be a 1d array, got an array of shape (519168, 2) instead.
[2025-09-08 16:53:28,815] INFO: Evaluation metrics: 
    - roc_auc_score: 
None
    - roc_auc_score_matrix: 
[[0.        0.9999309]
 [0.        0.       ]]
    - confusion_matrix: 
[[0.99566958 0.00433042]
 [0.00279538 0.99720462]]
[2025-09-08 16:53:28,815] INFO: [1mEpoch #7: Current validation metric: 0.99602 (best: 0.99644)[0m
[2025-09-08 16:53:28,815] INFO: --------------------------------------------------
[2025-09-08 16:53:28,815] INFO: Epoch #8 training
[2025-09-08 16:53:28,838] INFO: Restarted DataIter train_worker0, load_range=(0.0, 1.0), file_list:
{
  "_": [
    "/home/tpyang/B-Reconstruction-2-FPGA/python/gen_level_2B/with_partial_vertex/../data/train_01.root"
  ]
}
[2025-09-08 16:53:28,846] INFO: Restarted DataIter train_worker1, load_range=(0.0, 1.0), file_list:
{
  "_": [
    "/home/tpyang/B-Reconstruction-2-FPGA/python/gen_level_2B/with_partial_vertex/../data/train_02.root"
  ]
}
[2025-09-08 16:54:16,020] INFO: Processed 199680 entries in total (avg. speed 4230.1 entries/s)
[2025-09-08 16:54:16,020] INFO: Train AvgLoss: 0.01733, AvgAcc: 0.99297
[2025-09-08 16:54:16,020] INFO: Train class distribution: 
    [(0, 8026542), (1, 2356818)]
[2025-09-08 16:54:16,042] INFO: Epoch #8 validating
[2025-09-08 16:54:16,062] INFO: Restarted DataIter val_worker0, load_range=(0.0, 1.0), file_list:
{
  "_": [
    "/home/tpyang/B-Reconstruction-2-FPGA/python/gen_level_2B/with_partial_vertex/../data/test.root"
  ]
}
[2025-09-08 16:54:17,276] INFO: Processed 9984 entries in total (avg. speed 8087.8 entries/s)
[2025-09-08 16:54:17,277] INFO: Evaluation class distribution: 
    [(0, 401102), (1, 118066)]
[2025-09-08 16:54:17,344] ERROR: y should be a 1d array, got an array of shape (519168, 2) instead.
[2025-09-08 16:54:18,122] INFO: Evaluation metrics: 
    - roc_auc_score: 
None
    - roc_auc_score_matrix: 
[[0.        0.9999408]
 [0.        0.       ]]
    - confusion_matrix: 
[[0.99636751 0.00363249]
 [0.00330324 0.99669676]]
[2025-09-08 16:54:18,122] INFO: [1mEpoch #8: Current validation metric: 0.99644 (best: 0.99644)[0m
[2025-09-08 16:54:18,122] INFO: --------------------------------------------------
[2025-09-08 16:54:18,122] INFO: Epoch #9 training
[2025-09-08 16:54:18,140] INFO: Restarted DataIter train_worker0, load_range=(0.0, 1.0), file_list:
{
  "_": [
    "/home/tpyang/B-Reconstruction-2-FPGA/python/gen_level_2B/with_partial_vertex/../data/train_01.root"
  ]
}
[2025-09-08 16:54:18,151] INFO: Restarted DataIter train_worker1, load_range=(0.0, 1.0), file_list:
{
  "_": [
    "/home/tpyang/B-Reconstruction-2-FPGA/python/gen_level_2B/with_partial_vertex/../data/train_02.root"
  ]
}
[2025-09-08 16:55:05,308] INFO: Processed 199680 entries in total (avg. speed 4231.8 entries/s)
[2025-09-08 16:55:05,308] INFO: Train AvgLoss: 0.01689, AvgAcc: 0.99313
[2025-09-08 16:55:05,308] INFO: Train class distribution: 
    [(0, 8026567), (1, 2356793)]
[2025-09-08 16:55:05,325] INFO: Epoch #9 validating
[2025-09-08 16:55:05,344] INFO: Restarted DataIter val_worker0, load_range=(0.0, 1.0), file_list:
{
  "_": [
    "/home/tpyang/B-Reconstruction-2-FPGA/python/gen_level_2B/with_partial_vertex/../data/test.root"
  ]
}
[2025-09-08 16:55:06,539] INFO: Processed 9984 entries in total (avg. speed 8230.0 entries/s)
[2025-09-08 16:55:06,539] INFO: Evaluation class distribution: 
    [(0, 401117), (1, 118051)]
[2025-09-08 16:55:06,601] ERROR: y should be a 1d array, got an array of shape (519168, 2) instead.
[2025-09-08 16:55:07,401] INFO: Evaluation metrics: 
    - roc_auc_score: 
None
    - roc_auc_score_matrix: 
[[0.        0.9999428]
 [0.        0.       ]]
    - confusion_matrix: 
[[0.99550505 0.00449495]
 [0.00227021 0.99772979]]
[2025-09-08 16:55:07,402] INFO: [1mEpoch #9: Current validation metric: 0.99601 (best: 0.99644)[0m
[2025-09-08 16:55:07,402] INFO: --------------------------------------------------
[2025-09-08 16:55:07,402] INFO: Epoch #10 training
[2025-09-08 16:55:07,418] INFO: Restarted DataIter train_worker0, load_range=(0.0, 1.0), file_list:
{
  "_": [
    "/home/tpyang/B-Reconstruction-2-FPGA/python/gen_level_2B/with_partial_vertex/../data/train_01.root"
  ]
}
[2025-09-08 16:55:07,433] INFO: Restarted DataIter train_worker1, load_range=(0.0, 1.0), file_list:
{
  "_": [
    "/home/tpyang/B-Reconstruction-2-FPGA/python/gen_level_2B/with_partial_vertex/../data/train_02.root"
  ]
}
[2025-09-08 16:55:54,854] INFO: Processed 199680 entries in total (avg. speed 4208.0 entries/s)
[2025-09-08 16:55:54,854] INFO: Train AvgLoss: 0.01636, AvgAcc: 0.99335
[2025-09-08 16:55:54,855] INFO: Train class distribution: 
    [(0, 8026498), (1, 2356862)]
[2025-09-08 16:55:54,871] INFO: Epoch #10 validating
[2025-09-08 16:55:54,890] INFO: Restarted DataIter val_worker0, load_range=(0.0, 1.0), file_list:
{
  "_": [
    "/home/tpyang/B-Reconstruction-2-FPGA/python/gen_level_2B/with_partial_vertex/../data/test.root"
  ]
}
[2025-09-08 16:55:56,096] INFO: Processed 9984 entries in total (avg. speed 8151.9 entries/s)
[2025-09-08 16:55:56,096] INFO: Evaluation class distribution: 
    [(0, 401124), (1, 118044)]
[2025-09-08 16:55:56,160] ERROR: y should be a 1d array, got an array of shape (519168, 2) instead.
[2025-09-08 16:55:56,946] INFO: Evaluation metrics: 
    - roc_auc_score: 
None
    - roc_auc_score_matrix: 
[[0.        0.9999526]
 [0.        0.       ]]
    - confusion_matrix: 
[[0.99674415 0.00325585]
 [0.00280404 0.99719596]]
[2025-09-08 16:55:56,947] INFO: [1mEpoch #10: Current validation metric: 0.99685 (best: 0.99685)[0m
[2025-09-08 16:55:56,947] INFO: --------------------------------------------------
[2025-09-08 16:55:56,948] INFO: Epoch #11 training
[2025-09-08 16:55:56,965] INFO: Restarted DataIter train_worker0, load_range=(0.0, 1.0), file_list:
{
  "_": [
    "/home/tpyang/B-Reconstruction-2-FPGA/python/gen_level_2B/with_partial_vertex/../data/train_01.root"
  ]
}
[2025-09-08 16:55:56,977] INFO: Restarted DataIter train_worker1, load_range=(0.0, 1.0), file_list:
{
  "_": [
    "/home/tpyang/B-Reconstruction-2-FPGA/python/gen_level_2B/with_partial_vertex/../data/train_02.root"
  ]
}
[2025-09-08 16:56:43,637] INFO: Processed 199680 entries in total (avg. speed 4276.8 entries/s)
[2025-09-08 16:56:43,637] INFO: Train AvgLoss: 0.01604, AvgAcc: 0.99349
[2025-09-08 16:56:43,638] INFO: Train class distribution: 
    [(0, 8026636), (1, 2356724)]
[2025-09-08 16:56:43,656] INFO: Epoch #11 validating
[2025-09-08 16:56:43,675] INFO: Restarted DataIter val_worker0, load_range=(0.0, 1.0), file_list:
{
  "_": [
    "/home/tpyang/B-Reconstruction-2-FPGA/python/gen_level_2B/with_partial_vertex/../data/test.root"
  ]
}
[2025-09-08 16:56:44,836] INFO: Processed 9984 entries in total (avg. speed 8465.7 entries/s)
[2025-09-08 16:56:44,836] INFO: Evaluation class distribution: 
    [(0, 401091), (1, 118077)]
[2025-09-08 16:56:44,896] ERROR: y should be a 1d array, got an array of shape (519168, 2) instead.
[2025-09-08 16:56:45,665] INFO: Evaluation metrics: 
    - roc_auc_score: 
None
    - roc_auc_score_matrix: 
[[0.        0.9999505]
 [0.        0.       ]]
    - confusion_matrix: 
[[0.99573912 0.00426088]
 [0.00168534 0.99831466]]
[2025-09-08 16:56:45,665] INFO: [1mEpoch #11: Current validation metric: 0.99632 (best: 0.99685)[0m
[2025-09-08 16:56:45,665] INFO: --------------------------------------------------
[2025-09-08 16:56:45,665] INFO: Epoch #12 training
[2025-09-08 16:56:45,685] INFO: Restarted DataIter train_worker0, load_range=(0.0, 1.0), file_list:
{
  "_": [
    "/home/tpyang/B-Reconstruction-2-FPGA/python/gen_level_2B/with_partial_vertex/../data/train_01.root"
  ]
}
[2025-09-08 16:56:45,703] INFO: Restarted DataIter train_worker1, load_range=(0.0, 1.0), file_list:
{
  "_": [
    "/home/tpyang/B-Reconstruction-2-FPGA/python/gen_level_2B/with_partial_vertex/../data/train_02.root"
  ]
}
[2025-09-08 16:57:32,650] INFO: Processed 199680 entries in total (avg. speed 4250.0 entries/s)
[2025-09-08 16:57:32,650] INFO: Train AvgLoss: 0.01562, AvgAcc: 0.99371
[2025-09-08 16:57:32,650] INFO: Train class distribution: 
    [(0, 8026540), (1, 2356820)]
[2025-09-08 16:57:32,669] INFO: Epoch #12 validating
[2025-09-08 16:57:32,688] INFO: Restarted DataIter val_worker0, load_range=(0.0, 1.0), file_list:
{
  "_": [
    "/home/tpyang/B-Reconstruction-2-FPGA/python/gen_level_2B/with_partial_vertex/../data/test.root"
  ]
}
[2025-09-08 16:57:33,943] INFO: Processed 9984 entries in total (avg. speed 7835.0 entries/s)
[2025-09-08 16:57:33,944] INFO: Evaluation class distribution: 
    [(0, 401099), (1, 118069)]
[2025-09-08 16:57:34,006] ERROR: y should be a 1d array, got an array of shape (519168, 2) instead.
[2025-09-08 16:57:34,832] INFO: Evaluation metrics: 
    - roc_auc_score: 
None
    - roc_auc_score_matrix: 
[[0.        0.9999479]
 [0.        0.       ]]
    - confusion_matrix: 
[[0.99594863 0.00405137]
 [0.00245619 0.99754381]]
[2025-09-08 16:57:34,833] INFO: [1mEpoch #12: Current validation metric: 0.99631 (best: 0.99685)[0m
[2025-09-08 16:57:34,833] INFO: --------------------------------------------------
[2025-09-08 16:57:34,833] INFO: Epoch #13 training
[2025-09-08 16:57:34,851] INFO: Restarted DataIter train_worker0, load_range=(0.0, 1.0), file_list:
{
  "_": [
    "/home/tpyang/B-Reconstruction-2-FPGA/python/gen_level_2B/with_partial_vertex/../data/train_01.root"
  ]
}
[2025-09-08 16:57:34,863] INFO: Restarted DataIter train_worker1, load_range=(0.0, 1.0), file_list:
{
  "_": [
    "/home/tpyang/B-Reconstruction-2-FPGA/python/gen_level_2B/with_partial_vertex/../data/train_02.root"
  ]
}
[2025-09-08 16:58:22,770] INFO: Processed 199680 entries in total (avg. speed 4165.5 entries/s)
[2025-09-08 16:58:22,770] INFO: Train AvgLoss: 0.01543, AvgAcc: 0.99374
[2025-09-08 16:58:22,770] INFO: Train class distribution: 
    [(0, 8026492), (1, 2356868)]
[2025-09-08 16:58:22,786] INFO: Epoch #13 validating
[2025-09-08 16:58:22,806] INFO: Restarted DataIter val_worker0, load_range=(0.0, 1.0), file_list:
{
  "_": [
    "/home/tpyang/B-Reconstruction-2-FPGA/python/gen_level_2B/with_partial_vertex/../data/test.root"
  ]
}
[2025-09-08 16:58:24,036] INFO: Processed 9984 entries in total (avg. speed 7991.7 entries/s)
[2025-09-08 16:58:24,037] INFO: Evaluation class distribution: 
    [(0, 401106), (1, 118062)]
[2025-09-08 16:58:24,097] ERROR: y should be a 1d array, got an array of shape (519168, 2) instead.
[2025-09-08 16:58:24,902] INFO: Evaluation metrics: 
    - roc_auc_score: 
None
    - roc_auc_score_matrix: 
[[0.        0.9999574]
 [0.        0.       ]]
    - confusion_matrix: 
[[0.9967465  0.0032535 ]
 [0.00232081 0.99767919]]
[2025-09-08 16:58:24,905] INFO: [1mEpoch #13: Current validation metric: 0.99696 (best: 0.99696)[0m
[2025-09-08 16:58:24,905] INFO: --------------------------------------------------
[2025-09-08 16:58:24,905] INFO: Epoch #14 training
[2025-09-08 16:58:24,924] INFO: Restarted DataIter train_worker0, load_range=(0.0, 1.0), file_list:
{
  "_": [
    "/home/tpyang/B-Reconstruction-2-FPGA/python/gen_level_2B/with_partial_vertex/../data/train_01.root"
  ]
}
[2025-09-08 16:58:24,934] INFO: Restarted DataIter train_worker1, load_range=(0.0, 1.0), file_list:
{
  "_": [
    "/home/tpyang/B-Reconstruction-2-FPGA/python/gen_level_2B/with_partial_vertex/../data/train_02.root"
  ]
}
[2025-09-08 16:59:12,974] INFO: Processed 199680 entries in total (avg. speed 4154.0 entries/s)
[2025-09-08 16:59:12,975] INFO: Train AvgLoss: 0.01416, AvgAcc: 0.99433
[2025-09-08 16:59:12,975] INFO: Train class distribution: 
    [(0, 8026470), (1, 2356890)]
[2025-09-08 16:59:12,991] INFO: Epoch #14 validating
[2025-09-08 16:59:13,008] INFO: Restarted DataIter val_worker0, load_range=(0.0, 1.0), file_list:
{
  "_": [
    "/home/tpyang/B-Reconstruction-2-FPGA/python/gen_level_2B/with_partial_vertex/../data/test.root"
  ]
}
[2025-09-08 16:59:14,235] INFO: Processed 9984 entries in total (avg. speed 8026.9 entries/s)
[2025-09-08 16:59:14,235] INFO: Evaluation class distribution: 
    [(0, 401123), (1, 118045)]
[2025-09-08 16:59:14,301] ERROR: y should be a 1d array, got an array of shape (519168, 2) instead.
[2025-09-08 16:59:15,138] INFO: Evaluation metrics: 
    - roc_auc_score: 
None
    - roc_auc_score_matrix: 
[[0.         0.99995506]
 [0.         0.        ]]
    - confusion_matrix: 
[[0.99628543 0.00371457]
 [0.00210937 0.99789063]]
[2025-09-08 16:59:15,139] INFO: [1mEpoch #14: Current validation metric: 0.99665 (best: 0.99696)[0m
[2025-09-08 16:59:15,139] INFO: --------------------------------------------------
[2025-09-08 16:59:15,140] INFO: Epoch #15 training
[2025-09-08 16:59:15,158] INFO: Restarted DataIter train_worker0, load_range=(0.0, 1.0), file_list:
{
  "_": [
    "/home/tpyang/B-Reconstruction-2-FPGA/python/gen_level_2B/with_partial_vertex/../data/train_01.root"
  ]
}
[2025-09-08 16:59:15,168] INFO: Restarted DataIter train_worker1, load_range=(0.0, 1.0), file_list:
{
  "_": [
    "/home/tpyang/B-Reconstruction-2-FPGA/python/gen_level_2B/with_partial_vertex/../data/train_02.root"
  ]
}
[2025-09-08 17:00:03,420] INFO: Processed 199680 entries in total (avg. speed 4135.9 entries/s)
[2025-09-08 17:00:03,420] INFO: Train AvgLoss: 0.01352, AvgAcc: 0.99460
[2025-09-08 17:00:03,420] INFO: Train class distribution: 
    [(0, 8026571), (1, 2356789)]
[2025-09-08 17:00:03,440] INFO: Epoch #15 validating
[2025-09-08 17:00:03,472] INFO: Restarted DataIter val_worker0, load_range=(0.0, 1.0), file_list:
{
  "_": [
    "/home/tpyang/B-Reconstruction-2-FPGA/python/gen_level_2B/with_partial_vertex/../data/test.root"
  ]
}
[2025-09-08 17:00:04,701] INFO: Processed 9984 entries in total (avg. speed 7924.8 entries/s)
[2025-09-08 17:00:04,701] INFO: Evaluation class distribution: 
    [(0, 401110), (1, 118058)]
[2025-09-08 17:00:04,764] ERROR: y should be a 1d array, got an array of shape (519168, 2) instead.
[2025-09-08 17:00:05,594] INFO: Evaluation metrics: 
    - roc_auc_score: 
None
    - roc_auc_score_matrix: 
[[0.       0.999964]
 [0.       0.      ]]
    - confusion_matrix: 
[[0.99659445 0.00340555]
 [0.00161785 0.99838215]]
[2025-09-08 17:00:05,595] INFO: [1mEpoch #15: Current validation metric: 0.99700 (best: 0.99700)[0m
[2025-09-08 17:00:05,595] INFO: --------------------------------------------------
[2025-09-08 17:00:05,595] INFO: Epoch #16 training
[2025-09-08 17:00:05,613] INFO: Restarted DataIter train_worker0, load_range=(0.0, 1.0), file_list:
{
  "_": [
    "/home/tpyang/B-Reconstruction-2-FPGA/python/gen_level_2B/with_partial_vertex/../data/train_01.root"
  ]
}
[2025-09-08 17:00:05,625] INFO: Restarted DataIter train_worker1, load_range=(0.0, 1.0), file_list:
{
  "_": [
    "/home/tpyang/B-Reconstruction-2-FPGA/python/gen_level_2B/with_partial_vertex/../data/train_02.root"
  ]
}
[2025-09-08 17:00:53,700] INFO: Processed 199680 entries in total (avg. speed 4151.0 entries/s)
[2025-09-08 17:00:53,700] INFO: Train AvgLoss: 0.01313, AvgAcc: 0.99476
[2025-09-08 17:00:53,700] INFO: Train class distribution: 
    [(0, 8026531), (1, 2356829)]
[2025-09-08 17:00:53,725] INFO: Epoch #16 validating
[2025-09-08 17:00:53,748] INFO: Restarted DataIter val_worker0, load_range=(0.0, 1.0), file_list:
{
  "_": [
    "/home/tpyang/B-Reconstruction-2-FPGA/python/gen_level_2B/with_partial_vertex/../data/test.root"
  ]
}
[2025-09-08 17:00:55,145] INFO: Processed 9984 entries in total (avg. speed 7034.0 entries/s)
[2025-09-08 17:00:55,145] INFO: Evaluation class distribution: 
    [(0, 401103), (1, 118065)]
[2025-09-08 17:00:55,224] ERROR: y should be a 1d array, got an array of shape (519168, 2) instead.
[2025-09-08 17:00:56,122] INFO: Evaluation metrics: 
    - roc_auc_score: 
None
    - roc_auc_score_matrix: 
[[0.        0.9999657]
 [0.        0.       ]]
    - confusion_matrix: 
[[0.99682874 0.00317126]
 [0.00184644 0.99815356]]
[2025-09-08 17:00:56,123] INFO: [1mEpoch #16: Current validation metric: 0.99713 (best: 0.99713)[0m
[2025-09-08 17:00:56,123] INFO: --------------------------------------------------
[2025-09-08 17:00:56,124] INFO: Epoch #17 training
[2025-09-08 17:00:56,146] INFO: Restarted DataIter train_worker0, load_range=(0.0, 1.0), file_list:
{
  "_": [
    "/home/tpyang/B-Reconstruction-2-FPGA/python/gen_level_2B/with_partial_vertex/../data/train_01.root"
  ]
}
[2025-09-08 17:00:56,159] INFO: Restarted DataIter train_worker1, load_range=(0.0, 1.0), file_list:
{
  "_": [
    "/home/tpyang/B-Reconstruction-2-FPGA/python/gen_level_2B/with_partial_vertex/../data/train_02.root"
  ]
}
[2025-09-08 17:01:46,806] INFO: Processed 199680 entries in total (avg. speed 3939.9 entries/s)
[2025-09-08 17:01:46,806] INFO: Train AvgLoss: 0.01289, AvgAcc: 0.99483
[2025-09-08 17:01:46,806] INFO: Train class distribution: 
    [(0, 8026583), (1, 2356777)]
[2025-09-08 17:01:46,835] INFO: Epoch #17 validating
[2025-09-08 17:01:46,858] INFO: Restarted DataIter val_worker0, load_range=(0.0, 1.0), file_list:
{
  "_": [
    "/home/tpyang/B-Reconstruction-2-FPGA/python/gen_level_2B/with_partial_vertex/../data/test.root"
  ]
}
[2025-09-08 17:01:48,277] INFO: Processed 9984 entries in total (avg. speed 6930.3 entries/s)
[2025-09-08 17:01:48,277] INFO: Evaluation class distribution: 
    [(0, 401133), (1, 118035)]
[2025-09-08 17:01:48,361] ERROR: y should be a 1d array, got an array of shape (519168, 2) instead.
[2025-09-08 17:01:49,274] INFO: Evaluation metrics: 
    - roc_auc_score: 
None
    - roc_auc_score_matrix: 
[[0.        0.9999661]
 [0.        0.       ]]
    - confusion_matrix: 
[[0.99645006 0.00354994]
 [0.00138095 0.99861905]]
[2025-09-08 17:01:49,275] INFO: [1mEpoch #17: Current validation metric: 0.99694 (best: 0.99713)[0m
[2025-09-08 17:01:49,275] INFO: --------------------------------------------------
[2025-09-08 17:01:49,275] INFO: Epoch #18 training
[2025-09-08 17:01:49,297] INFO: Restarted DataIter train_worker0, load_range=(0.0, 1.0), file_list:
{
  "_": [
    "/home/tpyang/B-Reconstruction-2-FPGA/python/gen_level_2B/with_partial_vertex/../data/train_01.root"
  ]
}
[2025-09-08 17:01:49,311] INFO: Restarted DataIter train_worker1, load_range=(0.0, 1.0), file_list:
{
  "_": [
    "/home/tpyang/B-Reconstruction-2-FPGA/python/gen_level_2B/with_partial_vertex/../data/train_02.root"
  ]
}
[2025-09-08 17:02:40,001] INFO: Processed 199680 entries in total (avg. speed 3936.5 entries/s)
[2025-09-08 17:02:40,001] INFO: Train AvgLoss: 0.01281, AvgAcc: 0.99490
[2025-09-08 17:02:40,001] INFO: Train class distribution: 
    [(0, 8026571), (1, 2356789)]
[2025-09-08 17:02:40,026] INFO: Epoch #18 validating
[2025-09-08 17:02:40,049] INFO: Restarted DataIter val_worker0, load_range=(0.0, 1.0), file_list:
{
  "_": [
    "/home/tpyang/B-Reconstruction-2-FPGA/python/gen_level_2B/with_partial_vertex/../data/test.root"
  ]
}
[2025-09-08 17:02:41,437] INFO: Processed 9984 entries in total (avg. speed 7079.8 entries/s)
[2025-09-08 17:02:41,438] INFO: Evaluation class distribution: 
    [(0, 401109), (1, 118059)]
[2025-09-08 17:02:41,517] ERROR: y should be a 1d array, got an array of shape (519168, 2) instead.
[2025-09-08 17:02:42,434] INFO: Evaluation metrics: 
    - roc_auc_score: 
None
    - roc_auc_score_matrix: 
[[0.         0.99996686]
 [0.         0.        ]]
    - confusion_matrix: 
[[0.99643488 0.00356512]
 [0.00138067 0.99861933]]
[2025-09-08 17:02:42,435] INFO: [1mEpoch #18: Current validation metric: 0.99693 (best: 0.99713)[0m
[2025-09-08 17:02:42,435] INFO: --------------------------------------------------
[2025-09-08 17:02:42,435] INFO: Epoch #19 training
[2025-09-08 17:02:42,460] INFO: Restarted DataIter train_worker0, load_range=(0.0, 1.0), file_list:
{
  "_": [
    "/home/tpyang/B-Reconstruction-2-FPGA/python/gen_level_2B/with_partial_vertex/../data/train_01.root"
  ]
}
[2025-09-08 17:02:42,472] INFO: Restarted DataIter train_worker1, load_range=(0.0, 1.0), file_list:
{
  "_": [
    "/home/tpyang/B-Reconstruction-2-FPGA/python/gen_level_2B/with_partial_vertex/../data/train_02.root"
  ]
}
[2025-09-08 17:03:33,264] INFO: Processed 199680 entries in total (avg. speed 3928.5 entries/s)
[2025-09-08 17:03:33,264] INFO: Train AvgLoss: 0.01276, AvgAcc: 0.99493
[2025-09-08 17:03:33,264] INFO: Train class distribution: 
    [(0, 8026631), (1, 2356729)]
[2025-09-08 17:03:33,286] INFO: Epoch #19 validating
[2025-09-08 17:03:33,310] INFO: Restarted DataIter val_worker0, load_range=(0.0, 1.0), file_list:
{
  "_": [
    "/home/tpyang/B-Reconstruction-2-FPGA/python/gen_level_2B/with_partial_vertex/../data/test.root"
  ]
}
[2025-09-08 17:03:34,752] INFO: Processed 9984 entries in total (avg. speed 6813.5 entries/s)
[2025-09-08 17:03:34,752] INFO: Evaluation class distribution: 
    [(0, 401107), (1, 118061)]
[2025-09-08 17:03:34,843] ERROR: y should be a 1d array, got an array of shape (519168, 2) instead.
[2025-09-08 17:03:35,762] INFO: Evaluation metrics: 
    - roc_auc_score: 
None
    - roc_auc_score_matrix: 
[[0.         0.99996704]
 [0.         0.        ]]
    - confusion_matrix: 
[[0.99660689 0.00339311]
 [0.00151617 0.99848383]]
[2025-09-08 17:03:35,762] INFO: [1mEpoch #19: Current validation metric: 0.99703 (best: 0.99713)[0m
